Building DAG of jobs...
Using shell: /bin/bash
Provided cores: 1 (use --cores to define parallelism)
Rules claiming more threads will be scaled down.
Job stats:
job        count    min threads    max threads
-------  -------  -------------  -------------
makeMAE        1              1              1
total          1              1              1

Select jobs to execute...

[Fri Sep  8 14:34:49 2023]
rule makeMAE:
    input: data/clinical_RADCURE.csv, data/TCIA_RADCUREv1_radiomic_features.csv, data/settings_allfilters_allfeatures.yaml
    jobid: 0
    reason: Rules with a run or shell declaration but no output are always executed.
    resources: tmpdir=/var/folders/71/rrp6j9vj3tv1mc89c__4w9bc0000gn/T

Terminating processes on user request, this might take some time.
[Fri Sep  8 14:34:59 2023]
Error in rule makeMAE:
    jobid: 0
    input: data/clinical_RADCURE.csv, data/TCIA_RADCUREv1_radiomic_features.csv, data/settings_allfilters_allfeatures.yaml

Complete log: .snakemake/log/2023-09-08T143448.822098.snakemake.log
