Building DAG of jobs...
Using shell: /bin/bash
Provided cores: 1 (use --cores to define parallelism)
Rules claiming more threads will be scaled down.
Job stats:
job             count    min threads    max threads
------------  -------  -------------  -------------
get_clinical        1              1              1
makeMAE             1              1              1
total               2              1              1

Select jobs to execute...

[Fri Sep  8 14:42:27 2023]
rule get_clinical:
    output: data/clinical_RADCURE.xlsx
    jobid: 1
    reason: Missing output files: data/clinical_RADCURE.xlsx
    resources: tmpdir=/var/folders/71/rrp6j9vj3tv1mc89c__4w9bc0000gn/T

[Fri Sep  8 14:42:29 2023]
Finished job 1.
1 of 2 steps (50%) done
Select jobs to execute...

[Fri Sep  8 14:42:29 2023]
rule makeMAE:
    input: data/clinical_RADCURE.xlsx, data/TCIA_RADCUREv1_radiomic_features.csv, data/settings_allfilters_allfeatures.yaml
    jobid: 0
    reason: Rules with a run or shell declaration but no output are always executed.
    resources: tmpdir=/var/folders/71/rrp6j9vj3tv1mc89c__4w9bc0000gn/T

[Fri Sep  8 14:42:48 2023]
Finished job 0.
2 of 2 steps (100%) done
Complete log: .snakemake/log/2023-09-08T144226.420283.snakemake.log
