Building DAG of jobs...
Using shell: /bin/bash
Provided cores: 1 (use --cores to define parallelism)
Rules claiming more threads will be scaled down.
Job stats:
job             count    min threads    max threads
------------  -------  -------------  -------------
get_clinical        1              1              1
makeMAE             1              1              1
total               2              1              1

Select jobs to execute...

[Fri Sep  8 14:01:41 2023]
rule get_clinical:
    output: data/clinical_RADCURE.csv
    jobid: 1
    reason: Missing output files: data/clinical_RADCURE.csv
    resources: tmpdir=/var/folders/71/rrp6j9vj3tv1mc89c__4w9bc0000gn/T

[Fri Sep  8 14:01:43 2023]
Finished job 1.
1 of 2 steps (50%) done
Select jobs to execute...

[Fri Sep  8 14:01:43 2023]
rule makeMAE:
    input: data/clinical_RADCURE.csv, data/TCIA_RADCUREv1_radiomic_features.csv, data/settings_allfilters_allfeatures.yaml
    output: data/RADCURE_radiomic_MAE.rds
    jobid: 0
    reason: Missing output files: data/RADCURE_radiomic_MAE.rds; Input files updated by another job: data/clinical_RADCURE.csv
    resources: tmpdir=/var/folders/71/rrp6j9vj3tv1mc89c__4w9bc0000gn/T

[Fri Sep  8 14:01:43 2023]
Error in rule makeMAE:
    jobid: 0
    input: data/clinical_RADCURE.csv, data/TCIA_RADCUREv1_radiomic_features.csv, data/settings_allfilters_allfeatures.yaml
    output: data/RADCURE_radiomic_MAE.rds

Shutting down, this might take some time.
Exiting because a job execution failed. Look above for error message
Complete log: .snakemake/log/2023-09-08T140140.855550.snakemake.log
