Building DAG of jobs...
Using shell: /bin/bash
Provided cores: 1 (use --cores to define parallelism)
Rules claiming more threads will be scaled down.
Job stats:
job        count    min threads    max threads
-------  -------  -------------  -------------
makeMAE        1              1              1
total          1              1              1

Select jobs to execute...

[Fri Sep  8 14:05:24 2023]
rule makeMAE:
    input: data/clinical_RADCURE.csv, data/TCIA_RADCUREv1_radiomic_features.csv, data/settings_allfilters_allfeatures.yaml
    output: RADCURE_radiomic_MAE.rds
    jobid: 0
    reason: Missing output files: RADCURE_radiomic_MAE.rds
    resources: tmpdir=/var/folders/71/rrp6j9vj3tv1mc89c__4w9bc0000gn/T

[Fri Sep  8 14:05:24 2023]
Error in rule makeMAE:
    jobid: 0
    input: data/clinical_RADCURE.csv, data/TCIA_RADCUREv1_radiomic_features.csv, data/settings_allfilters_allfeatures.yaml
    output: RADCURE_radiomic_MAE.rds

Shutting down, this might take some time.
Exiting because a job execution failed. Look above for error message
Complete log: .snakemake/log/2023-09-08T140523.632420.snakemake.log
